<?xml version="1.0" encoding="UTF-8"?>
<coverage generated="1776162223">
  <project timestamp="1776162223" name="Clover Coverage">
    <package name="Revolution\Socialite\Discord">
      <file name="/Users/logic/Sites/socialite-discord/src/DiscordProvider.php">
        <class name="Revolution\Socialite\Discord\DiscordProvider" namespace="Revolution\Socialite\Discord">
          <metrics complexity="5" methods="4" coveredmethods="4" conditionals="0" coveredconditionals="0" statements="18" coveredstatements="18" elements="22" coveredelements="22"/>
        </class>
        <line num="33" type="method" name="getAuthUrl" visibility="protected" complexity="1" crap="1" count="5"/>
        <line num="35" type="stmt" count="5"/>
        <line num="37" type="stmt" count="5"/>
        <line num="43" type="method" name="getTokenUrl" visibility="protected" complexity="1" crap="1" count="5"/>
        <line num="45" type="stmt" count="5"/>
        <line num="51" type="method" name="getUserByToken" visibility="protected" complexity="1" crap="1" count="5"/>
        <line num="53" type="stmt" count="5"/>
        <line num="54" type="stmt" count="5"/>
        <line num="55" type="stmt" count="5"/>
        <line num="56" type="stmt" count="5"/>
        <line num="57" type="stmt" count="5"/>
        <line num="58" type="stmt" count="5"/>
        <line num="60" type="stmt" count="5"/>
        <line num="66" type="method" name="mapUserToObject" visibility="protected" complexity="2" crap="2" count="5"/>
        <line num="68" type="stmt" count="5"/>
        <line num="69" type="stmt" count="5"/>
        <line num="70" type="stmt" count="5"/>
        <line num="71" type="stmt" count="5"/>
        <line num="72" type="stmt" count="5"/>
        <line num="73" type="stmt" count="5"/>
        <line num="74" type="stmt" count="5"/>
        <line num="75" type="stmt" count="5"/>
        <metrics loc="78" ncloc="56" classes="1" methods="4" coveredmethods="4" conditionals="0" coveredconditionals="0" statements="18" coveredstatements="18" elements="22" coveredelements="22"/>
      </file>
      <file name="/Users/logic/Sites/socialite-discord/src/DiscordServiceProvider.php">
        <class name="Revolution\Socialite\Discord\DiscordServiceProvider" namespace="Revolution\Socialite\Discord">
          <metrics complexity="1" methods="1" coveredmethods="1" conditionals="0" coveredconditionals="0" statements="3" coveredstatements="3" elements="4" coveredelements="4"/>
        </class>
        <line num="13" type="method" name="boot" visibility="public" complexity="1" crap="1" count="15"/>
        <line num="15" type="stmt" count="15"/>
        <line num="16" type="stmt" count="1"/>
        <line num="17" type="stmt" count="15"/>
        <metrics loc="20" ncloc="17" classes="1" methods="1" coveredmethods="1" conditionals="0" coveredconditionals="0" statements="3" coveredstatements="3" elements="4" coveredelements="4"/>
      </file>
    </package>
    <metrics files="2" loc="98" ncloc="73" classes="2" methods="5" coveredmethods="5" conditionals="0" coveredconditionals="0" statements="21" coveredstatements="21" elements="26" coveredelements="26"/>
  </project>
</coverage>
